android/app/build/intermediates/manifest_merge_blame_file/release/manifest-merger-blame-release-report.txt
1<?xml version="1.0" encoding="utf-8"?>
2<manifest xmlns:android="http://schemas.android.com/apk/res/android"
3    package="com.precision_compression_llc"
4    android:versionCode="1"
5    android:versionName="1.0" >
6
7    <uses-sdk
8        android:minSdkVersion="21"
8-->src/main/AndroidManifest.xml
9        android:targetSdkVersion="30" />
9-->src/main/AndroidManifest.xml
10
11    <uses-permission android:name="android.permission.INTERNET" />
11-->src/main/AndroidManifest.xml:4:5-67
11-->src/main/AndroidManifest.xml:4:22-64
12    <uses-permission android:name="android.permission.READ_EXTERNAL_STORAGE" />
12-->src/main/AndroidManifest.xml:5:5-80
12-->src/main/AndroidManifest.xml:5:22-77
13    <uses-permission android:name="android.permission.WRITE_EXTERNAL_STORAGE" />
13-->src/main/AndroidManifest.xml:6:5-81
13-->src/main/AndroidManifest.xml:6:22-78
14    <uses-permission android:name="android.permission.DOWNLOAD_WITHOUT_NOTIFICATION" />
14-->src/main/AndroidManifest.xml:7:5-88
14-->src/main/AndroidManifest.xml:7:22-85
15    <!-- Required to access Google Play Licensing -->
16    <uses-permission android:name="com.android.vending.CHECK_LICENSE" />
16-->[:rn-fetch-blob] AndroidManifest.xml:10:5-73
16-->[:rn-fetch-blob] AndroidManifest.xml:10:22-70
17    <!--
18         Required to keep CPU alive while downloading files
19        (NOT to keep screen awake)
20    -->
21    <uses-permission android:name="android.permission.WAKE_LOCK" />
21-->[:rn-fetch-blob] AndroidManifest.xml:19:5-68
21-->[:rn-fetch-blob] AndroidManifest.xml:19:22-65
22    <!--
23         Required to poll the state of the network connection
24        and respond to changes
25    -->
26    <uses-permission android:name="android.permission.ACCESS_NETWORK_STATE" /> <!-- Required to check whether Wi-Fi is enabled -->
26-->[:rn-fetch-blob] AndroidManifest.xml:25:5-79
26-->[:rn-fetch-blob] AndroidManifest.xml:25:22-76
27    <uses-permission android:name="android.permission.ACCESS_WIFI_STATE" />
27-->[:rn-fetch-blob] AndroidManifest.xml:28:5-76
27-->[:rn-fetch-blob] AndroidManifest.xml:28:22-73
28
29    <application
29-->src/main/AndroidManifest.xml:9:5-28:19
30        android:name="com.precision_compression_llc.MainApplication"
30-->src/main/AndroidManifest.xml:10:7-38
31        android:allowBackup="false"
31-->src/main/AndroidManifest.xml:14:7-34
32        android:appComponentFactory="androidx.core.app.CoreComponentFactory"
32-->[androidx.core:core:1.6.0] AndroidManifest.xml:24:18-86
33        android:icon="@mipmap/ic_launcher"
33-->src/main/AndroidManifest.xml:12:7-41
34        android:label="@string/app_name"
34-->src/main/AndroidManifest.xml:11:7-39
35        android:roundIcon="@mipmap/ic_launcher_round"
35-->src/main/AndroidManifest.xml:13:7-52
36        android:theme="@style/AppTheme" >
36-->src/main/AndroidManifest.xml:15:7-38
37        <activity
37-->src/main/AndroidManifest.xml:16:7-27:18
38            android:name="com.precision_compression_llc.MainActivity"
38-->src/main/AndroidManifest.xml:17:9-37
39            android:configChanges="keyboard|keyboardHidden|orientation|screenSize|uiMode"
39-->src/main/AndroidManifest.xml:19:9-86
40            android:label="@string/app_name"
40-->src/main/AndroidManifest.xml:18:9-41
41            android:launchMode="singleTask"
41-->src/main/AndroidManifest.xml:20:9-40
42            android:windowSoftInputMode="adjustResize" >
42-->src/main/AndroidManifest.xml:21:9-51
43            <intent-filter>
43-->src/main/AndroidManifest.xml:22:9-26:25
44                <action android:name="android.intent.action.MAIN" />
44-->src/main/AndroidManifest.xml:23:13-65
44-->src/main/AndroidManifest.xml:23:21-62
45
46                <category android:name="android.intent.category.LAUNCHER" />
46-->src/main/AndroidManifest.xml:24:13-73
46-->src/main/AndroidManifest.xml:24:23-70
47
48                <action android:name="android.intent.action.DOWNLOAD_COMPLETE" />
48-->src/main/AndroidManifest.xml:25:13-77
48-->src/main/AndroidManifest.xml:25:21-75
49            </intent-filter>
50        </activity>
51
52        <provider
52-->[:rn-fetch-blob] AndroidManifest.xml:34:9-42:20
53            android:name="com.RNFetchBlob.Utils.FileProvider"
53-->[:rn-fetch-blob] AndroidManifest.xml:35:13-62
54            android:authorities="com.precision_compression_llc.provider"
54-->[:rn-fetch-blob] AndroidManifest.xml:36:13-60
55            android:exported="false"
55-->[:rn-fetch-blob] AndroidManifest.xml:37:13-37
56            android:grantUriPermissions="true" >
56-->[:rn-fetch-blob] AndroidManifest.xml:38:13-47
57            <meta-data
57-->[:rn-fetch-blob] AndroidManifest.xml:39:13-41:58
58                android:name="android.support.FILE_PROVIDER_PATHS"
58-->[:rn-fetch-blob] AndroidManifest.xml:40:17-67
59                android:resource="@xml/provider_paths" />
59-->[:rn-fetch-blob] AndroidManifest.xml:41:17-55
60        </provider>
61    </application>
62
63</manifest>